2024.12.03 17:36:04 INFO  Started: Metals version 1.4.1 in folders '/Users/sansp/Studyspace/advent-of-code/2024/1' for client vim-lsp .[0m
2024.12.03 17:36:04 WARN  Flyway upgrade recommended: H2 2.3.232 is newer than this version of Flyway and support has not been tested. The latest supported version of H2 is 2.2.224.[0m
2024.12.03 17:36:04 INFO  no build target found for /Users/sansp/Studyspace/advent-of-code/2024/1/partOne.scala. Using presentation compiler with project's scala-library version: 3.3.4[0m
2024.12.03 17:36:08 INFO  no build target found for /Users/sansp/Studyspace/advent-of-code/2024/1/partOne.scala. Using presentation compiler with project's scala-library version: 3.3.4[0m
2024.12.03 17:36:08 INFO  no build target found for /Users/sansp/Studyspace/advent-of-code/2024/1/partOne.scala. Using presentation compiler with project's scala-library version: 3.3.4[0m
2024.12.03 17:36:08 INFO  no build target found for /Users/sansp/Studyspace/advent-of-code/2024/1/partOne.scala. Using presentation compiler with project's scala-library version: 3.3.4[0m
2024.12.03 17:36:08 INFO  no build target found for /Users/sansp/Studyspace/advent-of-code/2024/1/partOne.scala. Using presentation compiler with project's scala-library version: 3.3.4[0m
2024.12.03 17:36:08 INFO  no build target found for /Users/sansp/Studyspace/advent-of-code/2024/1/partOne.scala. Using presentation compiler with project's scala-library version: 3.3.4[0m
2024.12.03 17:36:08 INFO  no build target found for /Users/sansp/Studyspace/advent-of-code/2024/1/partOne.scala. Using presentation compiler with project's scala-library version: 3.3.4[0m
2024.12.03 17:36:08 INFO  no build target found for /Users/sansp/Studyspace/advent-of-code/2024/1/partOne.scala. Using presentation compiler with project's scala-library version: 3.3.4[0m
2024.12.03 17:36:08 INFO  no build target found for /Users/sansp/Studyspace/advent-of-code/2024/1/partOne.scala. Using presentation compiler with project's scala-library version: 3.3.4[0m
2024.12.03 17:36:08 INFO  no build target found for /Users/sansp/Studyspace/advent-of-code/2024/1/partOne.scala. Using presentation compiler with project's scala-library version: 3.3.4[0m
2024.12.03 17:36:08 INFO  no build target found for /Users/sansp/Studyspace/advent-of-code/2024/1/partOne.scala. Using presentation compiler with project's scala-library version: 3.3.4[0m
2024.12.03 17:36:08 INFO  no build target found for /Users/sansp/Studyspace/advent-of-code/2024/1/partOne.scala. Using presentation compiler with project's scala-library version: 3.3.4[0m
2024.12.03 17:36:08 INFO  no build target found for /Users/sansp/Studyspace/advent-of-code/2024/1/partOne.scala. Using presentation compiler with project's scala-library version: 3.3.4[0m
2024.12.03 17:36:08 INFO  no build target found for /Users/sansp/Studyspace/advent-of-code/2024/1/partOne.scala. Using presentation compiler with project's scala-library version: 3.3.4[0m
2024.12.03 17:36:10 INFO  no build target found for /Users/sansp/Studyspace/advent-of-code/2024/1/partOne.scala. Using presentation compiler with project's scala-library version: 3.3.4[0m
2024.12.03 17:36:10 INFO  no build target found for /Users/sansp/Studyspace/advent-of-code/2024/1/partOne.scala. Using presentation compiler with project's scala-library version: 3.3.4[0m
2024.12.03 17:36:12 INFO  no build target found for /Users/sansp/Studyspace/advent-of-code/2024/1/partOne.scala. Using presentation compiler with project's scala-library version: 3.3.4[0m
2024.12.03 17:36:12 INFO  no build target found for /Users/sansp/Studyspace/advent-of-code/2024/1/partOne.scala. Using presentation compiler with project's scala-library version: 3.3.4[0m
2024.12.03 17:36:12 INFO  no build target found for /Users/sansp/Studyspace/advent-of-code/2024/1/partOne.scala. Using presentation compiler with project's scala-library version: 3.3.4[0m
2024.12.03 17:36:12 INFO  no build target found for /Users/sansp/Studyspace/advent-of-code/2024/1/partOne.scala. Using presentation compiler with project's scala-library version: 3.3.4[0m
2024.12.03 17:36:12 INFO  no build target found for /Users/sansp/Studyspace/advent-of-code/2024/1/partOne.scala. Using presentation compiler with project's scala-library version: 3.3.4[0m
2024.12.03 17:36:12 INFO  no build target found for /Users/sansp/Studyspace/advent-of-code/2024/1/partOne.scala. Using presentation compiler with project's scala-library version: 3.3.4[0m
2024.12.03 17:36:12 INFO  no build target found for /Users/sansp/Studyspace/advent-of-code/2024/1/partOne.scala. Using presentation compiler with project's scala-library version: 3.3.4[0m
2024.12.03 17:36:12 INFO  no build target found for /Users/sansp/Studyspace/advent-of-code/2024/1/partOne.scala. Using presentation compiler with project's scala-library version: 3.3.4[0m
2024.12.03 17:36:12 INFO  no build target found for /Users/sansp/Studyspace/advent-of-code/2024/1/partOne.scala. Using presentation compiler with project's scala-library version: 3.3.4[0m
2024.12.03 17:36:12 INFO  no build target found for /Users/sansp/Studyspace/advent-of-code/2024/1/partOne.scala. Using presentation compiler with project's scala-library version: 3.3.4[0m
2024.12.03 17:36:13 INFO  no build target found for /Users/sansp/Studyspace/advent-of-code/2024/1/partOne.scala. Using presentation compiler with project's scala-library version: 3.3.4[0m
2024.12.03 17:36:13 INFO  no build target found for /Users/sansp/Studyspace/advent-of-code/2024/1/partOne.scala. Using presentation compiler with project's scala-library version: 3.3.4[0m
2024.12.03 17:36:14 INFO  no build target found for /Users/sansp/Studyspace/advent-of-code/2024/1/partOne.scala. Using presentation compiler with project's scala-library version: 3.3.4[0m
2024.12.03 17:36:14 INFO  no build target found for /Users/sansp/Studyspace/advent-of-code/2024/1/partOne.scala. Using presentation compiler with project's scala-library version: 3.3.4[0m
2024.12.03 17:36:15 INFO  Running List(/Users/sansp/Library/Application Support/Coursier/bin/scala-cli, setup-ide, /Users/sansp/Studyspace/advent-of-code/2024/1)[0m
2024.12.03 17:36:16 INFO  Attempting to connect to the build server...[0m
2024.12.03 17:36:16 INFO  Running BSP server List(/Users/sansp/Library/Application Support/Coursier/bin/.scala-cli.aux, bsp, --json-options, /Users/sansp/Studyspace/advent-of-code/2024/1/.scala-build/ide-options-v2.json, /Users/sansp/Studyspace/advent-of-code/2024/1)[0m
2024.12.03 17:36:15 INFO  tracing is disabled for protocol BSP, to enable tracing of incoming and outgoing JSON messages create an empty file at /Users/sansp/Studyspace/advent-of-code/2024/1/.metals/bsp.trace.json or /Users/sansp/Library/Caches/org.scalameta.metals/bsp.trace.json[0m
2024.12.03 17:36:16 INFO  BSP server: Downloading https://repo1.maven.org/maven2/io/github/alexarchambault/bleep/bloop-frontend_2.12/1.5.16-sc-2/bloop-frontend_2.12-1.5.16-sc-2.pom[0m
2024.12.03 17:36:16 INFO  no build target found for /Users/sansp/Studyspace/advent-of-code/2024/1/partOne.scala. Using presentation compiler with project's scala-library version: 3.3.4[0m
2024.12.03 17:36:16 INFO  no build target found for /Users/sansp/Studyspace/advent-of-code/2024/1/partOne.scala. Using presentation compiler with project's scala-library version: 3.3.4[0m
2024.12.03 17:36:16 INFO  BSP server: Downloaded https://repo1.maven.org/maven2/io/github/alexarchambault/bleep/bloop-frontend_2.12/1.5.16-sc-2/bloop-frontend_2.12-1.5.16-sc-2.pom[0m
2024.12.03 17:36:16 INFO  BSP server: Downloading https://repo1.maven.org/maven2/ch/epfl/scala/scala-debug-adapter_2.12/4.0.3/scala-debug-adapter_2.12-4.0.3.pom[0m
2024.12.03 17:36:16 INFO  BSP server: Downloading https://repo1.maven.org/maven2/ch/epfl/scala/bloop-config_2.12/1.5.5/bloop-config_2.12-1.5.5.pom[0m
2024.12.03 17:36:16 INFO  BSP server: Downloading https://repo1.maven.org/maven2/io/github/alexarchambault/libdaemon/libdaemon_2.12/0.0.11/libdaemon_2.12-0.0.11.pom[0m
2024.12.03 17:36:16 INFO  BSP server: Downloading https://repo1.maven.org/maven2/io/github/alexarchambault/bleep/bloop-backend_2.12/1.5.16-sc-2/bloop-backend_2.12-1.5.16-sc-2.pom[0m
2024.12.03 17:36:16 INFO  BSP server: Downloading https://repo1.maven.org/maven2/org/scala-lang/scala-library/2.12.19/scala-library-2.12.19.pom[0m
2024.12.03 17:36:16 INFO  BSP server: Downloading https://repo1.maven.org/maven2/com/github/alexarchambault/case-app_2.12/2.0.6/case-app_2.12-2.0.6.pom[0m
2024.12.03 17:36:16 INFO  BSP server: Downloaded https://repo1.maven.org/maven2/ch/epfl/scala/scala-debug-adapter_2.12/4.0.3/scala-debug-adapter_2.12-4.0.3.pom[0m
2024.12.03 17:36:16 INFO  BSP server: Downloading https://repo1.maven.org/maven2/ch/qos/logback/logback-classic/1.4.14/logback-classic-1.4.14.pom[0m
2024.12.03 17:36:16 INFO  BSP server: Downloaded https://repo1.maven.org/maven2/ch/qos/logback/logback-classic/1.4.14/logback-classic-1.4.14.pom[0m
2024.12.03 17:36:16 INFO  BSP server: Downloaded https://repo1.maven.org/maven2/ch/epfl/scala/bloop-config_2.12/1.5.5/bloop-config_2.12-1.5.5.pom[0m
2024.12.03 17:36:16 INFO  BSP server: Downloaded https://repo1.maven.org/maven2/com/github/alexarchambault/case-app_2.12/2.0.6/case-app_2.12-2.0.6.pom[0m
2024.12.03 17:36:16 INFO  BSP server: Downloaded https://repo1.maven.org/maven2/org/scala-lang/scala-library/2.12.19/scala-library-2.12.19.pom[0m
2024.12.03 17:36:16 INFO  BSP server: Downloaded https://repo1.maven.org/maven2/io/github/alexarchambault/bleep/bloop-backend_2.12/1.5.16-sc-2/bloop-backend_2.12-1.5.16-sc-2.pom[0m
2024.12.03 17:36:16 INFO  BSP server: Downloaded https://repo1.maven.org/maven2/io/github/alexarchambault/libdaemon/libdaemon_2.12/0.0.11/libdaemon_2.12-0.0.11.pom[0m
2024.12.03 17:36:16 INFO  BSP server: Downloading https://repo1.maven.org/maven2/ch/qos/logback/logback-parent/1.4.14/logback-parent-1.4.14.pom[0m
2024.12.03 17:36:16 INFO  BSP server: Downloaded https://repo1.maven.org/maven2/ch/qos/logback/logback-parent/1.4.14/logback-parent-1.4.14.pom[0m
2024.12.03 17:36:16 INFO  BSP server: Downloading https://repo1.maven.org/maven2/io/zipkin/reporter2/zipkin-sender-urlconnection/2.17.2/zipkin-sender-urlconnection-2.17.2.pom[0m
2024.12.03 17:36:16 INFO  BSP server: Downloading https://repo1.maven.org/maven2/io/zipkin/brave/brave/5.18.1/brave-5.18.1.pom[0m
2024.12.03 17:36:16 INFO  BSP server: Downloading https://repo1.maven.org/maven2/com/github/alexarchambault/case-app-util_2.12/2.0.6/case-app-util_2.12-2.0.6.pom[0m
2024.12.03 17:36:16 INFO  BSP server: Downloading https://repo1.maven.org/maven2/com/github/plokhotnyuk/jsoniter-scala/jsoniter-scala-core_2.12/2.4.0/jsoniter-scala-core_2.12-2.4.0.pom[0m
2024.12.03 17:36:16 INFO  BSP server: Downloading https://repo1.maven.org/maven2/org/scala-lang/scala-reflect/2.12.19/scala-reflect-2.12.19.pom[0m
2024.12.03 17:36:16 INFO  BSP server: Downloading https://repo1.maven.org/maven2/org/slf4j/slf4j-api/2.0.7/slf4j-api-2.0.7.pom[0m
2024.12.03 17:36:16 INFO  BSP server: Downloaded https://repo1.maven.org/maven2/org/scala-lang/scala-reflect/2.12.19/scala-reflect-2.12.19.pom[0m
2024.12.03 17:36:16 INFO  BSP server: Downloading https://repo1.maven.org/maven2/ch/epfl/scala/directory-watcher/0.8.0+6-f651bd93/directory-watcher-0.8.0+6-f651bd93.pom[0m
2024.12.03 17:36:16 INFO  BSP server: Downloaded https://repo1.maven.org/maven2/com/github/plokhotnyuk/jsoniter-scala/jsoniter-scala-core_2.12/2.4.0/jsoniter-scala-core_2.12-2.4.0.pom[0m
2024.12.03 17:36:16 INFO  BSP server: Downloading https://repo1.maven.org/maven2/org/zeroturnaround/zt-zip/1.17/zt-zip-1.17.pom[0m
2024.12.03 17:36:16 INFO  BSP server: Downloaded https://repo1.maven.org/maven2/com/github/alexarchambault/case-app-util_2.12/2.0.6/case-app-util_2.12-2.0.6.pom[0m
2024.12.03 17:36:16 INFO  BSP server: Downloading https://repo1.maven.org/maven2/org/scalameta/parsers_2.12/4.9.1/parsers_2.12-4.9.1.pom[0m
2024.12.03 17:36:16 INFO  BSP server: Downloaded https://repo1.maven.org/maven2/io/zipkin/reporter2/zipkin-sender-urlconnection/2.17.2/zipkin-sender-urlconnection-2.17.2.pom[0m
2024.12.03 17:36:16 INFO  BSP server: Downloading https://repo1.maven.org/maven2/ch/qos/logback/logback-core/1.4.14/logback-core-1.4.14.pom[0m
2024.12.03 17:36:16 INFO  BSP server: Downloaded https://repo1.maven.org/maven2/io/zipkin/brave/brave/5.18.1/brave-5.18.1.pom[0m
2024.12.03 17:36:16 INFO  BSP server: Downloading https://repo1.maven.org/maven2/io/github/alexarchambault/bleep/bloop-shared_2.12/1.5.16-sc-2/bloop-shared_2.12-1.5.16-sc-2.pom[0m
2024.12.03 17:36:16 INFO  BSP server: Downloaded https://repo1.maven.org/maven2/ch/epfl/scala/directory-watcher/0.8.0+6-f651bd93/directory-watcher-0.8.0+6-f651bd93.pom[0m
2024.12.03 17:36:16 INFO  BSP server: Downloading https://repo1.maven.org/maven2/org/scalaz/scalaz-core_2.12/7.3.8/scalaz-core_2.12-7.3.8.pom[0m
2024.12.03 17:36:16 INFO  BSP server: Downloaded https://repo1.maven.org/maven2/org/scalameta/parsers_2.12/4.9.1/parsers_2.12-4.9.1.pom[0m
2024.12.03 17:36:16 INFO  BSP server: Downloading https://repo1.maven.org/maven2/ch/epfl/scala/com-microsoft-java-debug-core/0.34.0+27/com-microsoft-java-debug-core-0.34.0+27.pom[0m
2024.12.03 17:36:16 INFO  BSP server: Downloaded https://repo1.maven.org/maven2/org/zeroturnaround/zt-zip/1.17/zt-zip-1.17.pom[0m
2024.12.03 17:36:16 INFO  BSP server: Downloading https://repo1.maven.org/maven2/io/github/alexarchambault/bleep/nailgun-server/1.0.7/nailgun-server-1.0.7.pom[0m
2024.12.03 17:36:16 INFO  BSP server: Downloaded https://repo1.maven.org/maven2/ch/qos/logback/logback-core/1.4.14/logback-core-1.4.14.pom[0m
2024.12.03 17:36:16 INFO  BSP server: Downloading https://repo1.maven.org/maven2/com/lihaoyi/sourcecode_2.12/0.3.1/sourcecode_2.12-0.3.1.pom[0m
2024.12.03 17:36:16 INFO  BSP server: Downloaded https://repo1.maven.org/maven2/org/scalaz/scalaz-core_2.12/7.3.8/scalaz-core_2.12-7.3.8.pom[0m
2024.12.03 17:36:16 INFO  BSP server: Downloading https://repo1.maven.org/maven2/com/github/alexarchambault/case-app-annotations_2.12/2.0.6/case-app-annotations_2.12-2.0.6.pom[0m
2024.12.03 17:36:16 INFO  BSP server: Downloaded https://repo1.maven.org/maven2/io/github/alexarchambault/bleep/nailgun-server/1.0.7/nailgun-server-1.0.7.pom[0m
2024.12.03 17:36:16 INFO  BSP server: Downloading https://repo1.maven.org/maven2/com/lihaoyi/pprint_2.12/0.8.1/pprint_2.12-0.8.1.pom[0m
2024.12.03 17:36:16 INFO  BSP server: Downloaded https://repo1.maven.org/maven2/io/github/alexarchambault/bleep/bloop-shared_2.12/1.5.16-sc-2/bloop-shared_2.12-1.5.16-sc-2.pom[0m
2024.12.03 17:36:16 INFO  BSP server: Downloaded https://repo1.maven.org/maven2/ch/epfl/scala/com-microsoft-java-debug-core/0.34.0+27/com-microsoft-java-debug-core-0.34.0+27.pom[0m
2024.12.03 17:36:16 INFO  BSP server: Downloaded https://repo1.maven.org/maven2/org/slf4j/slf4j-api/2.0.7/slf4j-api-2.0.7.pom[0m
2024.12.03 17:36:16 INFO  BSP server: Downloading https://repo1.maven.org/maven2/io/monix/monix_2.12/3.2.0/monix_2.12-3.2.0.pom[0m
2024.12.03 17:36:16 INFO  BSP server: Downloaded https://repo1.maven.org/maven2/com/lihaoyi/sourcecode_2.12/0.3.1/sourcecode_2.12-0.3.1.pom[0m
2024.12.03 17:36:16 INFO  BSP server: Downloaded https://repo1.maven.org/maven2/com/github/alexarchambault/case-app-annotations_2.12/2.0.6/case-app-annotations_2.12-2.0.6.pom[0m
2024.12.03 17:36:17 INFO  BSP server: Downloaded https://repo1.maven.org/maven2/com/lihaoyi/pprint_2.12/0.8.1/pprint_2.12-0.8.1.pom[0m
2024.12.03 17:36:17 INFO  BSP server: Downloaded https://repo1.maven.org/maven2/io/monix/monix_2.12/3.2.0/monix_2.12-3.2.0.pom[0m
2024.12.03 17:36:17 INFO  BSP server: Downloading https://repo1.maven.org/maven2/io/zipkin/reporter2/zipkin-reporter-parent/2.17.2/zipkin-reporter-parent-2.17.2.pom[0m
2024.12.03 17:36:17 INFO  BSP server: Downloading https://repo1.maven.org/maven2/org/slf4j/slf4j-parent/2.0.7/slf4j-parent-2.0.7.pom[0m
2024.12.03 17:36:17 INFO  BSP server: Downloading https://repo1.maven.org/maven2/io/zipkin/brave/brave-parent/5.18.1/brave-parent-5.18.1.pom[0m
2024.12.03 17:36:17 INFO  BSP server: Downloaded https://repo1.maven.org/maven2/org/slf4j/slf4j-parent/2.0.7/slf4j-parent-2.0.7.pom[0m
2024.12.03 17:36:17 INFO  BSP server: Downloaded https://repo1.maven.org/maven2/io/zipkin/reporter2/zipkin-reporter-parent/2.17.2/zipkin-reporter-parent-2.17.2.pom[0m
2024.12.03 17:36:17 INFO  BSP server: Downloaded https://repo1.maven.org/maven2/io/zipkin/brave/brave-parent/5.18.1/brave-parent-5.18.1.pom[0m
2024.12.03 17:36:17 INFO  BSP server: Downloading https://repo1.maven.org/maven2/commons-io/commons-io/2.15.1/commons-io-2.15.1.pom[0m
2024.12.03 17:36:17 INFO  BSP server: Downloading https://repo1.maven.org/maven2/io/monix/monix-java_2.12/3.2.0/monix-java_2.12-3.2.0.pom[0m
2024.12.03 17:36:17 INFO  BSP server: Downloading https://repo1.maven.org/maven2/com/lihaoyi/fansi_2.12/0.4.0/fansi_2.12-0.4.0.pom[0m
2024.12.03 17:36:17 INFO  BSP server: Downloading https://repo1.maven.org/maven2/io/github/alexarchambault/bleep/jsonrpc4s_2.12/0.1.1/jsonrpc4s_2.12-0.1.1.pom[0m
2024.12.03 17:36:17 INFO  BSP server: Downloading https://repo1.maven.org/maven2/io/monix/monix-reactive_2.12/3.2.0/monix-reactive_2.12-3.2.0.pom[0m
2024.12.03 17:36:17 INFO  BSP server: Downloading https://repo1.maven.org/maven2/io/monix/monix-eval_2.12/3.2.0/monix-eval_2.12-3.2.0.pom[0m
2024.12.03 17:36:17 INFO  BSP server: Downloaded https://repo1.maven.org/maven2/com/lihaoyi/fansi_2.12/0.4.0/fansi_2.12-0.4.0.pom[0m
2024.12.03 17:36:17 INFO  BSP server: Downloading https://repo1.maven.org/maven2/io/get-coursier/interface/1.0.13/interface-1.0.13.pom[0m
2024.12.03 17:36:17 INFO  BSP server: Downloaded https://repo1.maven.org/maven2/io/monix/monix-reactive_2.12/3.2.0/monix-reactive_2.12-3.2.0.pom[0m
2024.12.03 17:36:17 INFO  BSP server: Downloading https://repo1.maven.org/maven2/com/github/plokhotnyuk/jsoniter-scala/jsoniter-scala-core_2.12/2.13.3.2/jsoniter-scala-core_2.12-2.13.3.2.pom[0m
2024.12.03 17:36:17 INFO  BSP server: Downloaded https://repo1.maven.org/maven2/io/github/alexarchambault/bleep/jsonrpc4s_2.12/0.1.1/jsonrpc4s_2.12-0.1.1.pom[0m
2024.12.03 17:36:17 INFO  BSP server: Downloading https://repo1.maven.org/maven2/io/monix/monix-tail_2.12/3.2.0/monix-tail_2.12-3.2.0.pom[0m
2024.12.03 17:36:17 INFO  BSP server: Downloaded https://repo1.maven.org/maven2/commons-io/commons-io/2.15.1/commons-io-2.15.1.pom[0m
2024.12.03 17:36:17 INFO  BSP server: Downloading https://repo1.maven.org/maven2/io/zipkin/reporter2/zipkin-reporter/2.17.2/zipkin-reporter-2.17.2.pom[0m
2024.12.03 17:36:17 INFO  BSP server: Downloaded https://repo1.maven.org/maven2/io/monix/monix-java_2.12/3.2.0/monix-java_2.12-3.2.0.pom[0m
2024.12.03 17:36:17 INFO  BSP server: Downloading https://repo1.maven.org/maven2/io/monix/monix-catnap_2.12/3.2.0/monix-catnap_2.12-3.2.0.pom[0m
2024.12.03 17:36:17 INFO  BSP server: Downloaded https://repo1.maven.org/maven2/io/monix/monix-tail_2.12/3.2.0/monix-tail_2.12-3.2.0.pom[0m
2024.12.03 17:36:17 INFO  BSP server: Downloading https://repo1.maven.org/maven2/net/java/dev/jna/jna-platform/4.4.0/jna-platform-4.4.0.pom[0m
2024.12.03 17:36:17 INFO  BSP server: Downloaded https://repo1.maven.org/maven2/com/github/plokhotnyuk/jsoniter-scala/jsoniter-scala-core_2.12/2.13.3.2/jsoniter-scala-core_2.12-2.13.3.2.pom[0m
2024.12.03 17:36:17 INFO  BSP server: Downloading https://repo1.maven.org/maven2/io/monix/monix-execution_2.12/3.2.0/monix-execution_2.12-3.2.0.pom[0m
2024.12.03 17:36:17 INFO  BSP server: Downloaded https://repo1.maven.org/maven2/io/get-coursier/interface/1.0.13/interface-1.0.13.pom[0m
2024.12.03 17:36:17 INFO  BSP server: Downloading https://repo1.maven.org/maven2/ch/epfl/scala/bsp4s_2.12/2.1.1/bsp4s_2.12-2.1.1.pom[0m
2024.12.03 17:36:17 INFO  BSP server: Downloaded https://repo1.maven.org/maven2/io/zipkin/reporter2/zipkin-reporter/2.17.2/zipkin-reporter-2.17.2.pom[0m
2024.12.03 17:36:17 INFO  BSP server: Downloading https://repo1.maven.org/maven2/io/zipkin/reporter2/zipkin-reporter-brave/2.17.2/zipkin-reporter-brave-2.17.2.pom[0m
2024.12.03 17:36:17 INFO  BSP server: Downloaded https://repo1.maven.org/maven2/io/monix/monix-catnap_2.12/3.2.0/monix-catnap_2.12-3.2.0.pom[0m
2024.12.03 17:36:17 INFO  BSP server: Downloading https://repo1.maven.org/maven2/org/apache/logging/log4j/log4j-core/2.23.0/log4j-core-2.23.0.pom[0m
2024.12.03 17:36:17 INFO  BSP server: Downloaded https://repo1.maven.org/maven2/net/java/dev/jna/jna-platform/4.4.0/jna-platform-4.4.0.pom[0m
2024.12.03 17:36:17 INFO  BSP server: Downloading https://repo1.maven.org/maven2/io/zipkin/zipkin2/zipkin/2.27.0/zipkin-2.27.0.pom[0m
2024.12.03 17:36:17 INFO  BSP server: Downloaded https://repo1.maven.org/maven2/io/monix/monix-execution_2.12/3.2.0/monix-execution_2.12-3.2.0.pom[0m
2024.12.03 17:36:17 INFO  BSP server: Downloading https://repo1.maven.org/maven2/org/apache/commons/commons-lang3/3.14.0/commons-lang3-3.14.0.pom[0m
2024.12.03 17:36:17 INFO  BSP server: Downloaded https://repo1.maven.org/maven2/ch/epfl/scala/bsp4s_2.12/2.1.1/bsp4s_2.12-2.1.1.pom[0m
2024.12.03 17:36:17 INFO  BSP server: Downloading https://repo1.maven.org/maven2/net/java/dev/jna/jna/4.5.2/jna-4.5.2.pom[0m
2024.12.03 17:36:17 INFO  BSP server: Downloaded https://repo1.maven.org/maven2/io/monix/monix-eval_2.12/3.2.0/monix-eval_2.12-3.2.0.pom[0m
2024.12.03 17:36:17 INFO  BSP server: Downloading https://repo1.maven.org/maven2/org/scalameta/trees_2.12/4.9.1/trees_2.12-4.9.1.pom[0m
2024.12.03 17:36:17 INFO  BSP server: Downloaded https://repo1.maven.org/maven2/org/apache/logging/log4j/log4j-core/2.23.0/log4j-core-2.23.0.pom[0m
2024.12.03 17:36:17 INFO  BSP server: Downloaded https://repo1.maven.org/maven2/io/zipkin/reporter2/zipkin-reporter-brave/2.17.2/zipkin-reporter-brave-2.17.2.pom[0m
2024.12.03 17:36:17 INFO  no build target found for /Users/sansp/Studyspace/advent-of-code/2024/1/partOne.scala. Using presentation compiler with project's scala-library version: 3.3.4[0m
2024.12.03 17:36:17 INFO  BSP server: Downloaded https://repo1.maven.org/maven2/io/zipkin/zipkin2/zipkin/2.27.0/zipkin-2.27.0.pom[0m
2024.12.03 17:36:17 INFO  BSP server: Downloaded https://repo1.maven.org/maven2/net/java/dev/jna/jna/4.5.2/jna-4.5.2.pom[0m
2024.12.03 17:36:17 INFO  BSP server: Downloaded https://repo1.maven.org/maven2/org/apache/commons/commons-lang3/3.14.0/commons-lang3-3.14.0.pom[0m
2024.12.03 17:36:17 INFO  BSP server: Downloaded https://repo1.maven.org/maven2/org/scalameta/trees_2.12/4.9.1/trees_2.12-4.9.1.pom[0m
2024.12.03 17:36:17 INFO  BSP server: Downloading https://repo1.maven.org/maven2/org/apache/commons/commons-parent/65/commons-parent-65.pom[0m
2024.12.03 17:36:17 INFO  BSP server: Downloading https://repo1.maven.org/maven2/io/zipkin/zipkin-parent/2.27.0/zipkin-parent-2.27.0.pom[0m
2024.12.03 17:36:17 INFO  BSP server: Downloading https://repo1.maven.org/maven2/org/apache/logging/log4j/log4j/2.23.0/log4j-2.23.0.pom[0m
2024.12.03 17:36:17 INFO  BSP server: Downloaded https://repo1.maven.org/maven2/io/zipkin/zipkin-parent/2.27.0/zipkin-parent-2.27.0.pom[0m
2024.12.03 17:36:17 INFO  BSP server: Downloaded https://repo1.maven.org/maven2/org/apache/logging/log4j/log4j/2.23.0/log4j-2.23.0.pom[0m
2024.12.03 17:36:17 INFO  BSP server: Downloaded https://repo1.maven.org/maven2/org/apache/commons/commons-parent/65/commons-parent-65.pom[0m
2024.12.03 17:36:17 INFO  BSP server: Downloading https://repo1.maven.org/maven2/org/apache/logging/log4j/log4j-bom/2.23.0/log4j-bom-2.23.0.pom[0m
2024.12.03 17:36:17 INFO  BSP server: Downloaded https://repo1.maven.org/maven2/org/apache/logging/log4j/log4j-bom/2.23.0/log4j-bom-2.23.0.pom[0m
2024.12.03 17:36:17 INFO  BSP server: Downloading https://repo1.maven.org/maven2/org/apache/logging/logging-parent/10.6.0/logging-parent-10.6.0.pom[0m
2024.12.03 17:36:17 INFO  BSP server: Downloaded https://repo1.maven.org/maven2/org/apache/logging/logging-parent/10.6.0/logging-parent-10.6.0.pom[0m
2024.12.03 17:36:17 INFO  BSP server: Downloading https://repo1.maven.org/maven2/org/codehaus/groovy/groovy-bom/3.0.20/groovy-bom-3.0.20.pom[0m
2024.12.03 17:36:17 INFO  BSP server: Downloading https://repo1.maven.org/maven2/io/fabric8/kubernetes-client-bom/5.12.4/kubernetes-client-bom-5.12.4.pom[0m
2024.12.03 17:36:17 INFO  BSP server: Downloading https://repo1.maven.org/maven2/io/netty/netty-bom/4.1.107.Final/netty-bom-4.1.107.Final.pom[0m
2024.12.03 17:36:17 INFO  BSP server: Downloading https://repo1.maven.org/maven2/com/fasterxml/jackson/jackson-bom/2.16.1/jackson-bom-2.16.1.pom[0m
2024.12.03 17:36:17 INFO  BSP server: Downloading https://repo1.maven.org/maven2/jakarta/platform/jakarta.jakartaee-bom/9.1.0/jakarta.jakartaee-bom-9.1.0.pom[0m
2024.12.03 17:36:17 INFO  BSP server: Downloading https://repo1.maven.org/maven2/org/mockito/mockito-bom/4.11.0/mockito-bom-4.11.0.pom[0m
2024.12.03 17:36:17 INFO  BSP server: Downloaded https://repo1.maven.org/maven2/org/codehaus/groovy/groovy-bom/3.0.20/groovy-bom-3.0.20.pom[0m
2024.12.03 17:36:17 INFO  BSP server: Downloading https://repo1.maven.org/maven2/org/eclipse/jetty/jetty-bom/9.4.54.v20240208/jetty-bom-9.4.54.v20240208.pom[0m
2024.12.03 17:36:17 INFO  BSP server: Downloaded https://repo1.maven.org/maven2/io/fabric8/kubernetes-client-bom/5.12.4/kubernetes-client-bom-5.12.4.pom[0m
2024.12.03 17:36:17 INFO  BSP server: Downloaded https://repo1.maven.org/maven2/io/netty/netty-bom/4.1.107.Final/netty-bom-4.1.107.Final.pom[0m
2024.12.03 17:36:17 INFO  BSP server: Downloading https://repo1.maven.org/maven2/org/springframework/spring-framework-bom/5.3.32/spring-framework-bom-5.3.32.pom[0m
2024.12.03 17:36:17 INFO  BSP server: Downloaded https://repo1.maven.org/maven2/com/fasterxml/jackson/jackson-bom/2.16.1/jackson-bom-2.16.1.pom[0m
2024.12.03 17:36:17 INFO  BSP server: Downloaded https://repo1.maven.org/maven2/jakarta/platform/jakarta.jakartaee-bom/9.1.0/jakarta.jakartaee-bom-9.1.0.pom[0m
2024.12.03 17:36:17 INFO  no build target found for /Users/sansp/Studyspace/advent-of-code/2024/1/partOne.scala. Using presentation compiler with project's scala-library version: 3.3.4[0m
2024.12.03 17:36:17 INFO  no build target found for /Users/sansp/Studyspace/advent-of-code/2024/1/partOne.scala. Using presentation compiler with project's scala-library version: 3.3.4[0m
2024.12.03 17:36:17 INFO  BSP server: Downloaded https://repo1.maven.org/maven2/org/springframework/spring-framework-bom/5.3.32/spring-framework-bom-5.3.32.pom[0m
2024.12.03 17:36:17 INFO  BSP server: Downloaded https://repo1.maven.org/maven2/org/eclipse/jetty/jetty-bom/9.4.54.v20240208/jetty-bom-9.4.54.v20240208.pom[0m
2024.12.03 17:36:17 INFO  BSP server: Downloaded https://repo1.maven.org/maven2/org/mockito/mockito-bom/4.11.0/mockito-bom-4.11.0.pom[0m
2024.12.03 17:36:17 INFO  BSP server: Downloading https://repo1.maven.org/maven2/com/fasterxml/jackson/jackson-parent/2.16/jackson-parent-2.16.pom[0m
2024.12.03 17:36:17 INFO  BSP server: Downloading https://repo1.maven.org/maven2/jakarta/platform/jakartaee-api-parent/9.1.0/jakartaee-api-parent-9.1.0.pom[0m
2024.12.03 17:36:18 INFO  BSP server: Downloaded https://repo1.maven.org/maven2/jakarta/platform/jakartaee-api-parent/9.1.0/jakartaee-api-parent-9.1.0.pom[0m
2024.12.03 17:36:18 INFO  BSP server: Downloaded https://repo1.maven.org/maven2/com/fasterxml/jackson/jackson-parent/2.16/jackson-parent-2.16.pom[0m
2024.12.03 17:36:18 INFO  BSP server: Downloading https://repo1.maven.org/maven2/com/fasterxml/oss-parent/56/oss-parent-56.pom[0m
2024.12.03 17:36:18 INFO  BSP server: Downloading https://repo1.maven.org/maven2/org/eclipse/ee4j/project/1.0.7/project-1.0.7.pom[0m
2024.12.03 17:36:18 INFO  BSP server: Downloaded https://repo1.maven.org/maven2/org/eclipse/ee4j/project/1.0.7/project-1.0.7.pom[0m
2024.12.03 17:36:18 INFO  BSP server: Downloaded https://repo1.maven.org/maven2/com/fasterxml/oss-parent/56/oss-parent-56.pom[0m
2024.12.03 17:36:18 INFO  BSP server: Downloading https://repo1.maven.org/maven2/com/github/plokhotnyuk/jsoniter-scala/jsoniter-scala-core_2.12/2.13.5/jsoniter-scala-core_2.12-2.13.5.pom[0m
2024.12.03 17:36:18 INFO  BSP server: Downloading https://repo1.maven.org/maven2/org/scala-sbt/launcher-interface/1.0.0/launcher-interface-1.0.0.pom[0m
2024.12.03 17:36:18 INFO  BSP server: Downloading https://repo1.maven.org/maven2/org/scala-sbt/util-logging_2.12/1.9.1/util-logging_2.12-1.9.1.pom[0m
2024.12.03 17:36:18 INFO  BSP server: Downloading https://repo1.maven.org/maven2/org/scalameta/common_2.12/4.9.1/common_2.12-4.9.1.pom[0m
2024.12.03 17:36:18 INFO  BSP server: Downloading https://repo1.maven.org/maven2/org/scala-lang/scala-compiler/2.12.19/scala-compiler-2.12.19.pom[0m
2024.12.03 17:36:18 INFO  BSP server: Downloading https://repo1.maven.org/maven2/com/outr/scribe_2.12/3.5.5/scribe_2.12-3.5.5.pom[0m
2024.12.03 17:36:18 INFO  BSP server: Downloaded https://repo1.maven.org/maven2/org/scala-sbt/launcher-interface/1.0.0/launcher-interface-1.0.0.pom[0m
2024.12.03 17:36:18 INFO  BSP server: Downloading https://repo1.maven.org/maven2/org/scala-sbt/util-cache_2.12/1.9.1/util-cache_2.12-1.9.1.pom[0m
2024.12.03 17:36:18 INFO  BSP server: Downloaded https://repo1.maven.org/maven2/com/github/plokhotnyuk/jsoniter-scala/jsoniter-scala-core_2.12/2.13.5/jsoniter-scala-core_2.12-2.13.5.pom[0m
2024.12.03 17:36:18 INFO  BSP server: Downloading https://repo1.maven.org/maven2/org/apache/logging/log4j/log4j-api/2.23.0/log4j-api-2.23.0.pom[0m
2024.12.03 17:36:18 INFO  BSP server: Downloaded https://repo1.maven.org/maven2/org/scala-lang/scala-compiler/2.12.19/scala-compiler-2.12.19.pom[0m
2024.12.03 17:36:18 INFO  BSP server: Downloading https://repo1.maven.org/maven2/org/scala-sbt/util-position_2.12/1.9.1/util-position_2.12-1.9.1.pom[0m
2024.12.03 17:36:18 INFO  BSP server: Downloaded https://repo1.maven.org/maven2/org/scala-sbt/util-logging_2.12/1.9.1/util-logging_2.12-1.9.1.pom[0m
2024.12.03 17:36:18 INFO  BSP server: Downloaded https://repo1.maven.org/maven2/org/scalameta/common_2.12/4.9.1/common_2.12-4.9.1.pom[0m
2024.12.03 17:36:18 INFO  BSP server: Downloaded https://repo1.maven.org/maven2/org/scala-sbt/util-cache_2.12/1.9.1/util-cache_2.12-1.9.1.pom[0m
2024.12.03 17:36:18 INFO  BSP server: Downloaded https://repo1.maven.org/maven2/org/scala-sbt/util-position_2.12/1.9.1/util-position_2.12-1.9.1.pom[0m
2024.12.03 17:36:18 INFO  BSP server: Downloaded https://repo1.maven.org/maven2/org/apache/logging/log4j/log4j-api/2.23.0/log4j-api-2.23.0.pom[0m
2024.12.03 17:36:18 INFO  BSP server: Downloaded https://repo1.maven.org/maven2/com/outr/scribe_2.12/3.5.5/scribe_2.12-3.5.5.pom[0m
2024.12.03 17:36:18 INFO  BSP server: Downloading https://repo1.maven.org/maven2/org/scala-sbt/util-interface/1.9.1/util-interface-1.9.1.pom[0m
2024.12.03 17:36:18 INFO  BSP server: Downloading https://repo1.maven.org/maven2/org/scala-sbt/collections_2.12/1.9.1/collections_2.12-1.9.1.pom[0m
2024.12.03 17:36:18 INFO  BSP server: Downloading https://repo1.maven.org/maven2/org/scala-sbt/util-control_2.12/1.9.4/util-control_2.12-1.9.4.pom[0m
2024.12.03 17:36:18 INFO  BSP server: Downloading https://repo1.maven.org/maven2/com/outr/moduload_2.12/1.1.5/moduload_2.12-1.1.5.pom[0m
2024.12.03 17:36:18 INFO  BSP server: Downloading https://repo1.maven.org/maven2/org/scala-sbt/util-relation_2.12/1.9.4/util-relation_2.12-1.9.4.pom[0m
2024.12.03 17:36:18 INFO  BSP server: Downloading https://repo1.maven.org/maven2/com/outr/perfolation_2.12/1.2.8/perfolation_2.12-1.2.8.pom[0m
2024.12.03 17:36:18 INFO  BSP server: Downloaded https://repo1.maven.org/maven2/org/scala-sbt/util-control_2.12/1.9.4/util-control_2.12-1.9.4.pom[0m
2024.12.03 17:36:18 INFO  BSP server: Downloading https://repo1.maven.org/maven2/org/scala-sbt/util-logging_2.12/1.9.4/util-logging_2.12-1.9.4.pom[0m
2024.12.03 17:36:18 INFO  BSP server: Downloaded https://repo1.maven.org/maven2/org/scala-sbt/collections_2.12/1.9.1/collections_2.12-1.9.1.pom[0m
2024.12.03 17:36:18 INFO  BSP server: Downloading https://repo1.maven.org/maven2/org/scala-sbt/core-macros_2.12/1.9.1/core-macros_2.12-1.9.1.pom[0m
2024.12.03 17:36:18 INFO  BSP server: Downloaded https://repo1.maven.org/maven2/org/scala-sbt/util-relation_2.12/1.9.4/util-relation_2.12-1.9.4.pom[0m
2024.12.03 17:36:18 INFO  BSP server: Downloading https://repo1.maven.org/maven2/com/thesamet/scalapb/scalapb-runtime_2.12/0.11.15/scalapb-runtime_2.12-0.11.15.pom[0m
2024.12.03 17:36:18 INFO  BSP server: Downloaded https://repo1.maven.org/maven2/org/scala-sbt/util-interface/1.9.1/util-interface-1.9.1.pom[0m
2024.12.03 17:36:18 INFO  BSP server: Downloaded https://repo1.maven.org/maven2/com/outr/moduload_2.12/1.1.5/moduload_2.12-1.1.5.pom[0m
2024.12.03 17:36:18 INFO  BSP server: Downloaded https://repo1.maven.org/maven2/org/scala-sbt/core-macros_2.12/1.9.1/core-macros_2.12-1.9.1.pom[0m
2024.12.03 17:36:18 INFO  BSP server: Downloaded https://repo1.maven.org/maven2/com/thesamet/scalapb/scalapb-runtime_2.12/0.11.15/scalapb-runtime_2.12-0.11.15.pom[0m
2024.12.03 17:36:18 INFO  BSP server: Downloaded https://repo1.maven.org/maven2/org/scala-sbt/util-logging_2.12/1.9.4/util-logging_2.12-1.9.4.pom[0m
2024.12.03 17:36:18 INFO  BSP server: Downloaded https://repo1.maven.org/maven2/com/outr/perfolation_2.12/1.2.8/perfolation_2.12-1.2.8.pom[0m
2024.12.03 17:36:18 INFO  BSP server: Downloading https://repo1.maven.org/maven2/org/scala-sbt/core-macros_2.12/1.9.4/core-macros_2.12-1.9.4.pom[0m
2024.12.03 17:36:18 INFO  BSP server: Downloading https://repo1.maven.org/maven2/org/scala-sbt/collections_2.12/1.9.4/collections_2.12-1.9.4.pom[0m
2024.12.03 17:36:18 INFO  BSP server: Downloading https://repo1.maven.org/maven2/com/thesamet/scalapb/lenses_2.12/0.11.15/lenses_2.12-0.11.15.pom[0m
2024.12.03 17:36:18 INFO  BSP server: Downloaded https://repo1.maven.org/maven2/com/thesamet/scalapb/lenses_2.12/0.11.15/lenses_2.12-0.11.15.pom[0m
2024.12.03 17:36:18 INFO  BSP server: Downloaded https://repo1.maven.org/maven2/org/scala-sbt/core-macros_2.12/1.9.4/core-macros_2.12-1.9.4.pom[0m
2024.12.03 17:36:18 INFO  BSP server: Downloaded https://repo1.maven.org/maven2/org/scala-sbt/collections_2.12/1.9.4/collections_2.12-1.9.4.pom[0m
2024.12.03 17:36:18 INFO  BSP server: Downloading https://repo1.maven.org/maven2/org/scala-sbt/util-position_2.12/1.9.4/util-position_2.12-1.9.4.pom[0m
2024.12.03 17:36:18 INFO  BSP server: Downloaded https://repo1.maven.org/maven2/org/scala-sbt/util-position_2.12/1.9.4/util-position_2.12-1.9.4.pom[0m
2024.12.03 17:36:18 INFO  BSP server: Downloading https://repo1.maven.org/maven2/io/zipkin/reporter2/zipkin-reporter-brave/2.17.2/zipkin-reporter-brave-2.17.2.jar[0m
2024.12.03 17:36:18 INFO  BSP server: Downloading https://repo1.maven.org/maven2/io/monix/monix-reactive_2.12/3.2.0/monix-reactive_2.12-3.2.0.jar[0m
2024.12.03 17:36:18 INFO  BSP server: Downloading https://repo1.maven.org/maven2/org/scala-sbt/util-logging_2.12/1.9.4/util-logging_2.12-1.9.4.jar[0m
2024.12.03 17:36:18 INFO  BSP server: Downloading https://repo1.maven.org/maven2/org/scala-sbt/core-macros_2.12/1.9.4/core-macros_2.12-1.9.4.jar[0m
2024.12.03 17:36:18 INFO  BSP server: Downloading https://repo1.maven.org/maven2/io/zipkin/reporter2/zipkin-reporter/2.17.2/zipkin-reporter-2.17.2.jar[0m
2024.12.03 17:36:18 INFO  BSP server: Downloading https://repo1.maven.org/maven2/ch/epfl/scala/scala-debug-adapter_2.12/4.0.3/scala-debug-adapter_2.12-4.0.3.jar[0m
2024.12.03 17:36:18 INFO  BSP server: Downloaded https://repo1.maven.org/maven2/io/zipkin/reporter2/zipkin-reporter-brave/2.17.2/zipkin-reporter-brave-2.17.2.jar[0m
2024.12.03 17:36:18 INFO  BSP server: Downloading https://repo1.maven.org/maven2/ch/epfl/scala/bloop-config_2.12/1.5.5/bloop-config_2.12-1.5.5.jar[0m
2024.12.03 17:36:18 INFO  BSP server: Downloaded https://repo1.maven.org/maven2/io/zipkin/reporter2/zipkin-reporter/2.17.2/zipkin-reporter-2.17.2.jar[0m
2024.12.03 17:36:18 INFO  BSP server: Downloading https://repo1.maven.org/maven2/com/thesamet/scalapb/scalapb-runtime_2.12/0.11.15/scalapb-runtime_2.12-0.11.15.jar[0m
2024.12.03 17:36:18 INFO  BSP server: Downloaded https://repo1.maven.org/maven2/org/scala-sbt/util-logging_2.12/1.9.4/util-logging_2.12-1.9.4.jar[0m
2024.12.03 17:36:18 INFO  BSP server: Downloading https://repo1.maven.org/maven2/org/scala-sbt/util-cache_2.12/1.9.1/util-cache_2.12-1.9.1.jar[0m
2024.12.03 17:36:18 INFO  BSP server: Downloaded https://repo1.maven.org/maven2/ch/epfl/scala/bloop-config_2.12/1.5.5/bloop-config_2.12-1.5.5.jar[0m
2024.12.03 17:36:18 INFO  BSP server: Downloading https://repo1.maven.org/maven2/org/scala-lang/scala-reflect/2.12.19/scala-reflect-2.12.19.jar[0m
2024.12.03 17:36:19 INFO  BSP server: Downloaded https://repo1.maven.org/maven2/org/scala-sbt/util-cache_2.12/1.9.1/util-cache_2.12-1.9.1.jar[0m
2024.12.03 17:36:19 INFO  BSP server: Downloading https://repo1.maven.org/maven2/io/monix/monix-eval_2.12/3.2.0/monix-eval_2.12-3.2.0.jar[0m
2024.12.03 17:36:19 INFO  BSP server: Downloaded https://repo1.maven.org/maven2/io/monix/monix-reactive_2.12/3.2.0/monix-reactive_2.12-3.2.0.jar[0m
2024.12.03 17:36:19 INFO  BSP server: Downloading https://repo1.maven.org/maven2/ch/epfl/scala/bsp4s_2.12/2.1.1/bsp4s_2.12-2.1.1.jar[0m
2024.12.03 17:36:19 INFO  BSP server: Downloaded https://repo1.maven.org/maven2/ch/epfl/scala/scala-debug-adapter_2.12/4.0.3/scala-debug-adapter_2.12-4.0.3.jar[0m
2024.12.03 17:36:19 INFO  BSP server: Downloading https://repo1.maven.org/maven2/io/github/alexarchambault/bleep/jsonrpc4s_2.12/0.1.1/jsonrpc4s_2.12-0.1.1.jar[0m
2024.12.03 17:36:19 INFO  BSP server: Downloaded https://repo1.maven.org/maven2/org/scala-sbt/core-macros_2.12/1.9.4/core-macros_2.12-1.9.4.jar[0m
2024.12.03 17:36:19 INFO  BSP server: Downloading https://repo1.maven.org/maven2/com/github/alexarchambault/case-app-annotations_2.12/2.0.6/case-app-annotations_2.12-2.0.6.jar[0m
2024.12.03 17:36:19 INFO  BSP server: Downloaded https://repo1.maven.org/maven2/ch/epfl/scala/bsp4s_2.12/2.1.1/bsp4s_2.12-2.1.1.jar[0m
2024.12.03 17:36:19 INFO  BSP server: Downloading https://repo1.maven.org/maven2/org/apache/logging/log4j/log4j-core/2.23.0/log4j-core-2.23.0.jar[0m
2024.12.03 17:36:19 INFO  BSP server: Downloaded https://repo1.maven.org/maven2/io/github/alexarchambault/bleep/jsonrpc4s_2.12/0.1.1/jsonrpc4s_2.12-0.1.1.jar[0m
2024.12.03 17:36:19 INFO  BSP server: Downloading https://repo1.maven.org/maven2/com/outr/perfolation_2.12/1.2.8/perfolation_2.12-1.2.8.jar[0m
2024.12.03 17:36:19 INFO  BSP server: Downloaded https://repo1.maven.org/maven2/io/monix/monix-eval_2.12/3.2.0/monix-eval_2.12-3.2.0.jar[0m
2024.12.03 17:36:19 INFO  BSP server: Downloading https://repo1.maven.org/maven2/org/scala-sbt/util-relation_2.12/1.9.4/util-relation_2.12-1.9.4.jar[0m
2024.12.03 17:36:19 INFO  BSP server: Downloaded https://repo1.maven.org/maven2/com/github/alexarchambault/case-app-annotations_2.12/2.0.6/case-app-annotations_2.12-2.0.6.jar[0m
2024.12.03 17:36:19 INFO  BSP server: Downloading https://repo1.maven.org/maven2/ch/epfl/scala/directory-watcher/0.8.0+6-f651bd93/directory-watcher-0.8.0+6-f651bd93.jar[0m
2024.12.03 17:36:19 INFO  BSP server: Downloaded https://repo1.maven.org/maven2/org/apache/logging/log4j/log4j-core/2.23.0/log4j-core-2.23.0.jar[0m
2024.12.03 17:36:19 INFO  BSP server: Downloading https://repo1.maven.org/maven2/org/scala-lang/scala-compiler/2.12.19/scala-compiler-2.12.19.jar[0m
2024.12.03 17:36:19 INFO  BSP server: Downloaded https://repo1.maven.org/maven2/org/scala-sbt/util-relation_2.12/1.9.4/util-relation_2.12-1.9.4.jar[0m
2024.12.03 17:36:19 INFO  BSP server: Downloading https://repo1.maven.org/maven2/io/zipkin/brave/brave/5.18.1/brave-5.18.1.jar[0m
2024.12.03 17:36:19 INFO  BSP server: Downloaded https://repo1.maven.org/maven2/com/outr/perfolation_2.12/1.2.8/perfolation_2.12-1.2.8.jar[0m
2024.12.03 17:36:19 INFO  BSP server: Downloading https://repo1.maven.org/maven2/org/zeroturnaround/zt-zip/1.17/zt-zip-1.17.jar[0m
2024.12.03 17:36:19 INFO  BSP server: Downloaded https://repo1.maven.org/maven2/com/thesamet/scalapb/scalapb-runtime_2.12/0.11.15/scalapb-runtime_2.12-0.11.15.jar[0m
2024.12.03 17:36:19 INFO  BSP server: Downloading https://repo1.maven.org/maven2/com/github/alexarchambault/case-app_2.12/2.0.6/case-app_2.12-2.0.6.jar[0m
2024.12.03 17:36:19 INFO  BSP server: Downloaded https://repo1.maven.org/maven2/ch/epfl/scala/directory-watcher/0.8.0+6-f651bd93/directory-watcher-0.8.0+6-f651bd93.jar[0m
2024.12.03 17:36:19 INFO  BSP server: Downloading https://repo1.maven.org/maven2/com/thesamet/scalapb/lenses_2.12/0.11.15/lenses_2.12-0.11.15.jar[0m
2024.12.03 17:36:19 INFO  BSP server: Downloaded https://repo1.maven.org/maven2/io/zipkin/brave/brave/5.18.1/brave-5.18.1.jar[0m
2024.12.03 17:36:19 INFO  BSP server: Downloading https://repo1.maven.org/maven2/org/scala-sbt/util-control_2.12/1.9.4/util-control_2.12-1.9.4.jar[0m
2024.12.03 17:36:19 INFO  BSP server: Downloaded https://repo1.maven.org/maven2/com/thesamet/scalapb/lenses_2.12/0.11.15/lenses_2.12-0.11.15.jar[0m
2024.12.03 17:36:19 INFO  BSP server: Downloading https://repo1.maven.org/maven2/io/zipkin/reporter2/zipkin-sender-urlconnection/2.17.2/zipkin-sender-urlconnection-2.17.2.jar[0m
2024.12.03 17:36:19 INFO  BSP server: Downloaded https://repo1.maven.org/maven2/com/github/alexarchambault/case-app_2.12/2.0.6/case-app_2.12-2.0.6.jar[0m
2024.12.03 17:36:19 INFO  BSP server: Downloading https://repo1.maven.org/maven2/org/scalameta/common_2.12/4.9.1/common_2.12-4.9.1.jar[0m
2024.12.03 17:36:19 INFO  BSP server: Downloaded https://repo1.maven.org/maven2/org/scala-sbt/util-control_2.12/1.9.4/util-control_2.12-1.9.4.jar[0m
2024.12.03 17:36:19 INFO  BSP server: Downloading https://repo1.maven.org/maven2/com/lihaoyi/fansi_2.12/0.4.0/fansi_2.12-0.4.0.jar[0m
2024.12.03 17:36:19 INFO  BSP server: Downloaded https://repo1.maven.org/maven2/org/scala-lang/scala-compiler/2.12.19/scala-compiler-2.12.19.jar[0m
2024.12.03 17:36:19 INFO  BSP server: Downloading https://repo1.maven.org/maven2/com/lihaoyi/sourcecode_2.12/0.3.1/sourcecode_2.12-0.3.1.jar[0m
2024.12.03 17:36:19 INFO  BSP server: Downloaded https://repo1.maven.org/maven2/io/zipkin/reporter2/zipkin-sender-urlconnection/2.17.2/zipkin-sender-urlconnection-2.17.2.jar[0m
2024.12.03 17:36:19 INFO  BSP server: Downloading https://repo1.maven.org/maven2/org/scalameta/parsers_2.12/4.9.1/parsers_2.12-4.9.1.jar[0m
2024.12.03 17:36:19 INFO  BSP server: Downloaded https://repo1.maven.org/maven2/com/lihaoyi/fansi_2.12/0.4.0/fansi_2.12-0.4.0.jar[0m
2024.12.03 17:36:19 INFO  BSP server: Downloading https://repo1.maven.org/maven2/io/monix/monix-java_2.12/3.2.0/monix-java_2.12-3.2.0.jar[0m
2024.12.03 17:36:19 INFO  BSP server: Downloaded https://repo1.maven.org/maven2/com/lihaoyi/sourcecode_2.12/0.3.1/sourcecode_2.12-0.3.1.jar[0m
2024.12.03 17:36:19 INFO  BSP server: Downloading https://repo1.maven.org/maven2/org/scala-sbt/util-position_2.12/1.9.4/util-position_2.12-1.9.4.jar[0m
2024.12.03 17:36:19 INFO  BSP server: Downloaded https://repo1.maven.org/maven2/io/monix/monix-java_2.12/3.2.0/monix-java_2.12-3.2.0.jar[0m
2024.12.03 17:36:19 INFO  BSP server: Downloading https://repo1.maven.org/maven2/org/apache/commons/commons-lang3/3.14.0/commons-lang3-3.14.0.jar[0m
2024.12.03 17:36:19 INFO  BSP server: Downloaded https://repo1.maven.org/maven2/org/scala-sbt/util-position_2.12/1.9.4/util-position_2.12-1.9.4.jar[0m
2024.12.03 17:36:19 INFO  BSP server: Downloading https://repo1.maven.org/maven2/com/lihaoyi/pprint_2.12/0.8.1/pprint_2.12-0.8.1.jar[0m
2024.12.03 17:36:19 INFO  BSP server: Downloaded https://repo1.maven.org/maven2/com/lihaoyi/pprint_2.12/0.8.1/pprint_2.12-0.8.1.jar[0m
2024.12.03 17:36:19 INFO  BSP server: Downloading https://repo1.maven.org/maven2/ch/epfl/scala/com-microsoft-java-debug-core/0.34.0+27/com-microsoft-java-debug-core-0.34.0+27.jar[0m
2024.12.03 17:36:19 INFO  BSP server: Downloaded https://repo1.maven.org/maven2/org/zeroturnaround/zt-zip/1.17/zt-zip-1.17.jar[0m
2024.12.03 17:36:19 INFO  BSP server: Downloading https://repo1.maven.org/maven2/org/scala-lang/scala-library/2.12.19/scala-library-2.12.19.jar[0m
2024.12.03 17:36:19 INFO  BSP server: Downloaded https://repo1.maven.org/maven2/org/apache/commons/commons-lang3/3.14.0/commons-lang3-3.14.0.jar[0m
2024.12.03 17:36:19 INFO  BSP server: Downloading https://repo1.maven.org/maven2/io/monix/monix-catnap_2.12/3.2.0/monix-catnap_2.12-3.2.0.jar[0m
2024.12.03 17:36:19 INFO  BSP server: Downloaded https://repo1.maven.org/maven2/ch/epfl/scala/com-microsoft-java-debug-core/0.34.0+27/com-microsoft-java-debug-core-0.34.0+27.jar[0m
2024.12.03 17:36:19 INFO  BSP server: Downloading https://repo1.maven.org/maven2/io/monix/monix-execution_2.12/3.2.0/monix-execution_2.12-3.2.0.jar[0m
2024.12.03 17:36:19 INFO  BSP server: Downloaded https://repo1.maven.org/maven2/org/scalameta/parsers_2.12/4.9.1/parsers_2.12-4.9.1.jar[0m
2024.12.03 17:36:19 INFO  BSP server: Downloading https://repo1.maven.org/maven2/com/outr/moduload_2.12/1.1.5/moduload_2.12-1.1.5.jar[0m
2024.12.03 17:36:19 INFO  BSP server: Downloaded https://repo1.maven.org/maven2/io/monix/monix-execution_2.12/3.2.0/monix-execution_2.12-3.2.0.jar[0m
2024.12.03 17:36:19 INFO  BSP server: Downloading https://repo1.maven.org/maven2/commons-io/commons-io/2.15.1/commons-io-2.15.1.jar[0m
2024.12.03 17:36:19 INFO  BSP server: Downloaded https://repo1.maven.org/maven2/io/monix/monix-catnap_2.12/3.2.0/monix-catnap_2.12-3.2.0.jar[0m
2024.12.03 17:36:19 INFO  BSP server: Downloading https://repo1.maven.org/maven2/org/scala-sbt/collections_2.12/1.9.4/collections_2.12-1.9.4.jar[0m
2024.12.03 17:36:19 INFO  BSP server: Downloaded https://repo1.maven.org/maven2/com/outr/moduload_2.12/1.1.5/moduload_2.12-1.1.5.jar[0m
2024.12.03 17:36:19 INFO  BSP server: Downloading https://repo1.maven.org/maven2/com/outr/scribe_2.12/3.5.5/scribe_2.12-3.5.5.jar[0m
2024.12.03 17:36:19 INFO  BSP server: Downloaded https://repo1.maven.org/maven2/commons-io/commons-io/2.15.1/commons-io-2.15.1.jar[0m
2024.12.03 17:36:19 INFO  BSP server: Downloading https://repo1.maven.org/maven2/org/slf4j/slf4j-api/2.0.7/slf4j-api-2.0.7.jar[0m
2024.12.03 17:36:19 INFO  BSP server: Downloaded https://repo1.maven.org/maven2/org/scala-sbt/collections_2.12/1.9.4/collections_2.12-1.9.4.jar[0m
2024.12.03 17:36:19 INFO  BSP server: Downloading https://repo1.maven.org/maven2/org/scalameta/trees_2.12/4.9.1/trees_2.12-4.9.1.jar[0m
2024.12.03 17:36:19 INFO  BSP server: Downloaded https://repo1.maven.org/maven2/org/slf4j/slf4j-api/2.0.7/slf4j-api-2.0.7.jar[0m
2024.12.03 17:36:19 INFO  BSP server: Downloading https://repo1.maven.org/maven2/org/apache/logging/log4j/log4j-api/2.23.0/log4j-api-2.23.0.jar[0m
2024.12.03 17:36:19 INFO  BSP server: Downloaded https://repo1.maven.org/maven2/com/outr/scribe_2.12/3.5.5/scribe_2.12-3.5.5.jar[0m
2024.12.03 17:36:19 INFO  BSP server: Downloading https://repo1.maven.org/maven2/com/github/plokhotnyuk/jsoniter-scala/jsoniter-scala-core_2.12/2.13.5/jsoniter-scala-core_2.12-2.13.5.jar[0m
2024.12.03 17:36:20 INFO  BSP server: Downloaded https://repo1.maven.org/maven2/org/apache/logging/log4j/log4j-api/2.23.0/log4j-api-2.23.0.jar[0m
2024.12.03 17:36:20 INFO  BSP server: Downloading https://repo1.maven.org/maven2/io/zipkin/zipkin2/zipkin/2.27.0/zipkin-2.27.0.jar[0m
2024.12.03 17:36:20 INFO  no build target found for /Users/sansp/Studyspace/advent-of-code/2024/1/partOne.scala. Using presentation compiler with project's scala-library version: 3.3.4[0m
2024.12.03 17:36:20 INFO  no build target found for /Users/sansp/Studyspace/advent-of-code/2024/1/partOne.scala. Using presentation compiler with project's scala-library version: 3.3.4[0m
2024.12.03 17:36:20 INFO  BSP server: Downloaded https://repo1.maven.org/maven2/com/github/plokhotnyuk/jsoniter-scala/jsoniter-scala-core_2.12/2.13.5/jsoniter-scala-core_2.12-2.13.5.jar[0m
2024.12.03 17:36:20 INFO  BSP server: Downloading https://repo1.maven.org/maven2/org/scalaz/scalaz-core_2.12/7.3.8/scalaz-core_2.12-7.3.8.jar[0m
2024.12.03 17:36:20 INFO  BSP server: Downloaded https://repo1.maven.org/maven2/io/zipkin/zipkin2/zipkin/2.27.0/zipkin-2.27.0.jar[0m
2024.12.03 17:36:20 INFO  BSP server: Downloading https://repo1.maven.org/maven2/io/github/alexarchambault/libdaemon/libdaemon_2.12/0.0.11/libdaemon_2.12-0.0.11.jar[0m
2024.12.03 17:36:20 INFO  BSP server: Downloaded https://repo1.maven.org/maven2/org/scalameta/common_2.12/4.9.1/common_2.12-4.9.1.jar[0m
2024.12.03 17:36:20 INFO  BSP server: Downloading https://repo1.maven.org/maven2/io/monix/monix-tail_2.12/3.2.0/monix-tail_2.12-3.2.0.jar[0m
2024.12.03 17:36:20 INFO  BSP server: Downloaded https://repo1.maven.org/maven2/io/github/alexarchambault/libdaemon/libdaemon_2.12/0.0.11/libdaemon_2.12-0.0.11.jar[0m
2024.12.03 17:36:20 INFO  BSP server: Downloading https://repo1.maven.org/maven2/io/monix/monix_2.12/3.2.0/monix_2.12-3.2.0.jar[0m
2024.12.03 17:36:20 INFO  BSP server: Downloaded https://repo1.maven.org/maven2/io/monix/monix_2.12/3.2.0/monix_2.12-3.2.0.jar[0m
2024.12.03 17:36:20 INFO  BSP server: Downloading https://repo1.maven.org/maven2/com/github/alexarchambault/case-app-util_2.12/2.0.6/case-app-util_2.12-2.0.6.jar[0m
2024.12.03 17:36:20 INFO  BSP server: Downloaded https://repo1.maven.org/maven2/org/scala-lang/scala-library/2.12.19/scala-library-2.12.19.jar[0m
2024.12.03 17:36:20 INFO  BSP server: Downloading https://repo1.maven.org/maven2/io/get-coursier/interface/1.0.13/interface-1.0.13.jar[0m
2024.12.03 17:36:20 INFO  BSP server: Downloaded https://repo1.maven.org/maven2/com/github/alexarchambault/case-app-util_2.12/2.0.6/case-app-util_2.12-2.0.6.jar[0m
2024.12.03 17:36:20 INFO  BSP server: Downloading https://repo1.maven.org/maven2/io/github/alexarchambault/bleep/bloop-backend_2.12/1.5.16-sc-2/bloop-backend_2.12-1.5.16-sc-2.jar[0m
2024.12.03 17:36:20 INFO  BSP server: Downloaded https://repo1.maven.org/maven2/io/github/alexarchambault/bleep/bloop-backend_2.12/1.5.16-sc-2/bloop-backend_2.12-1.5.16-sc-2.jar[0m
2024.12.03 17:36:20 INFO  BSP server: Downloading https://repo1.maven.org/maven2/ch/qos/logback/logback-classic/1.4.14/logback-classic-1.4.14.jar[0m
2024.12.03 17:36:20 INFO  BSP server: Downloaded https://repo1.maven.org/maven2/io/monix/monix-tail_2.12/3.2.0/monix-tail_2.12-3.2.0.jar[0m
2024.12.03 17:36:20 INFO  BSP server: Downloading https://repo1.maven.org/maven2/io/github/alexarchambault/bleep/bloop-frontend_2.12/1.5.16-sc-2/bloop-frontend_2.12-1.5.16-sc-2.jar[0m
2024.12.03 17:36:20 INFO  BSP server: Downloaded https://repo1.maven.org/maven2/org/scala-lang/scala-reflect/2.12.19/scala-reflect-2.12.19.jar[0m
2024.12.03 17:36:20 INFO  BSP server: Downloading https://repo1.maven.org/maven2/io/github/alexarchambault/bleep/bloop-shared_2.12/1.5.16-sc-2/bloop-shared_2.12-1.5.16-sc-2.jar[0m
2024.12.03 17:36:20 INFO  BSP server: Downloaded https://repo1.maven.org/maven2/org/scalaz/scalaz-core_2.12/7.3.8/scalaz-core_2.12-7.3.8.jar[0m
2024.12.03 17:36:20 INFO  BSP server: Downloading https://repo1.maven.org/maven2/ch/qos/logback/logback-core/1.4.14/logback-core-1.4.14.jar[0m
2024.12.03 17:36:20 INFO  BSP server: Downloaded https://repo1.maven.org/maven2/ch/qos/logback/logback-classic/1.4.14/logback-classic-1.4.14.jar[0m
2024.12.03 17:36:20 INFO  BSP server: Downloading https://repo1.maven.org/maven2/io/github/alexarchambault/bleep/nailgun-server/1.0.7/nailgun-server-1.0.7.jar[0m
2024.12.03 17:36:20 INFO  BSP server: Downloaded https://repo1.maven.org/maven2/io/github/alexarchambault/bleep/bloop-shared_2.12/1.5.16-sc-2/bloop-shared_2.12-1.5.16-sc-2.jar[0m
2024.12.03 17:36:20 INFO  BSP server: Downloaded https://repo1.maven.org/maven2/io/github/alexarchambault/bleep/nailgun-server/1.0.7/nailgun-server-1.0.7.jar[0m
2024.12.03 17:36:20 INFO  BSP server: Downloaded https://repo1.maven.org/maven2/ch/qos/logback/logback-core/1.4.14/logback-core-1.4.14.jar[0m
2024.12.03 17:36:20 INFO  no build target found for /Users/sansp/Studyspace/advent-of-code/2024/1/partOne.scala. Using presentation compiler with project's scala-library version: 3.3.4[0m
2024.12.03 17:36:20 INFO  no build target found for /Users/sansp/Studyspace/advent-of-code/2024/1/partOne.scala. Using presentation compiler with project's scala-library version: 3.3.4[0m
2024.12.03 17:36:20 INFO  no build target found for /Users/sansp/Studyspace/advent-of-code/2024/1/partOne.scala. Using presentation compiler with project's scala-library version: 3.3.4[0m
2024.12.03 17:36:20 INFO  no build target found for /Users/sansp/Studyspace/advent-of-code/2024/1/partOne.scala. Using presentation compiler with project's scala-library version: 3.3.4[0m
2024.12.03 17:36:21 INFO  BSP server: Downloaded https://repo1.maven.org/maven2/org/scalameta/trees_2.12/4.9.1/trees_2.12-4.9.1.jar[0m
2024.12.03 17:36:21 INFO  BSP server: Downloaded https://repo1.maven.org/maven2/io/github/alexarchambault/bleep/bloop-frontend_2.12/1.5.16-sc-2/bloop-frontend_2.12-1.5.16-sc-2.jar[0m
2024.12.03 17:36:22 INFO  no build target found for /Users/sansp/Studyspace/advent-of-code/2024/1/partOne.scala. Using presentation compiler with project's scala-library version: 3.3.4[0m
2024.12.03 17:36:22 INFO  BSP server: Downloaded https://repo1.maven.org/maven2/io/get-coursier/interface/1.0.13/interface-1.0.13.jar[0m
2024.12.03 17:36:22 INFO  BSP server: Starting compilation server[0m
2024.12.03 17:36:23 INFO  BSP server: Downloading https://repo1.maven.org/maven2/org/scala-lang/scala-library/2.13.12/scala-library-2.13.12-sources.jar[0m
2024.12.03 17:36:23 INFO  BSP server: Downloading https://repo1.maven.org/maven2/org/scala-lang/scala3-library_3/3.4.1/scala3-library_3-3.4.1-sources.jar[0m
2024.12.03 17:36:23 INFO  BSP server: Downloaded https://repo1.maven.org/maven2/org/scala-lang/scala3-library_3/3.4.1/scala3-library_3-3.4.1-sources.jar[0m
2024.12.03 17:36:24 INFO  no build target found for /Users/sansp/Studyspace/advent-of-code/2024/1/partOne.scala. Using presentation compiler with project's scala-library version: 3.3.4[0m
2024.12.03 17:36:23 INFO  BSP server: Downloaded https://repo1.maven.org/maven2/org/scala-lang/scala-library/2.13.12/scala-library-2.13.12-sources.jar[0m
2024.12.03 17:36:23 INFO  BSP server: Downloading https://repo1.maven.org/maven2/com/sourcegraph/semanticdb-javac/0.7.4/semanticdb-javac-0.7.4.pom[0m
2024.12.03 17:36:23 INFO  BSP server: Downloaded https://repo1.maven.org/maven2/com/sourcegraph/semanticdb-javac/0.7.4/semanticdb-javac-0.7.4.pom[0m
2024.12.03 17:36:23 INFO  BSP server: Downloading https://repo1.maven.org/maven2/com/sourcegraph/semanticdb-javac/0.7.4/semanticdb-javac-0.7.4.jar[0m
2024.12.03 17:36:26 INFO  BSP server: Downloaded https://repo1.maven.org/maven2/com/sourcegraph/semanticdb-javac/0.7.4/semanticdb-javac-0.7.4.jar[0m
2024.12.03 17:36:26 INFO  time: Connected to build server in 10s[0m
2024.12.03 17:36:26 INFO  Connected to Build server: scala-cli v1.2.2[0m
2024.12.03 17:36:26 INFO  running doctor check[0m
2024.12.03 17:36:26 INFO  java targets: 1_f4dd477a3a-test, 1_f4dd477a3a[0m
2024.12.03 17:36:26 INFO  compiling 1_f4dd477a3a (1 scala source)[0m
2024.12.03 17:36:28 WARN  Unable to run doctor. Make sure `isHttpEnabled` is set to `true`.[0m
2024.12.03 17:36:29 INFO  time: compiled 1_f4dd477a3a in 2.69s[0m
2024.12.03 17:36:29 WARN  Flyway upgrade recommended: H2 2.3.232 is newer than this version of Flyway and support has not been tested. The latest supported version of H2 is 2.2.224.[0m
2024.12.03 17:36:35 INFO  time: indexed workspace in 8.57s[0m
2024.12.03 17:36:35 INFO  Selected port 5031[0m
Dec 03, 2024 5:36:35 PM io.undertow.Undertow start
INFO: starting server: Undertow - 2.2.20.Final
Dec 03, 2024 5:36:35 PM org.xnio.Xnio <clinit>
INFO: XNIO version 3.8.16.Final
Dec 03, 2024 5:36:35 PM org.xnio.nio.NioXnio <clinit>
INFO: XNIO NIO Implementation Version 3.8.16.Final
Dec 03, 2024 5:36:35 PM org.jboss.threads.Version <clinit>
INFO: JBoss Threads version 3.1.0.Final
2024.12.03 17:36:35 INFO  Started Metals http server at http://127.0.0.1:5031[0m
2024.12.03 17:38:35 INFO  compiling 1_f4dd477a3a (1 scala source)[0m
2024.12.03 17:38:35 INFO  time: compiled 1_f4dd477a3a in 0.53s[0m
2024.12.03 17:38:35 INFO  compiling 1_f4dd477a3a (1 scala source)[0m
2024.12.03 17:38:35 INFO  time: compiled 1_f4dd477a3a in 0.28s[0m
2024.12.03 17:39:01 INFO  compiling 1_f4dd477a3a (1 scala source)[0m
2024.12.03 17:39:01 INFO  time: compiled 1_f4dd477a3a in 0.28s[0m
2024.12.03 17:39:21 INFO  Cancelling compilation on scala-cli server[0m
2024.12.03 17:39:21 INFO  compiling 1_f4dd477a3a (1 scala source)[0m
2024.12.03 17:39:21 INFO  time: compiled 1_f4dd477a3a in 0.23s[0m
2024.12.03 17:39:21 INFO  time: Imported build in 0.25s[0m
2024.12.03 17:39:21 INFO  running doctor check[0m
2024.12.03 17:39:21 INFO  java targets: 1_f4dd477a3a-test, 1_f4dd477a3a[0m
2024.12.03 17:39:21 INFO  time: indexed workspace in 0.93s[0m
2024.12.03 17:39:53 INFO  compiling 1_f4dd477a3a (2 scala sources)[0m
2024.12.03 17:39:53 INFO  time: compiled 1_f4dd477a3a in 0.15s[0m
2024.12.03 17:39:53 INFO  compiling 1_f4dd477a3a (2 scala sources)[0m
2024.12.03 17:39:53 INFO  time: compiled 1_f4dd477a3a in 0.1s[0m
2024.12.03 17:42:13 INFO  compiling 1_f4dd477a3a (2 scala sources)[0m
2024.12.03 17:42:13 INFO  time: compiled 1_f4dd477a3a in 0.11s[0m
2024.12.03 17:43:52 INFO  compiling 1_f4dd477a3a (2 scala sources)[0m
2024.12.03 17:43:52 INFO  time: compiled 1_f4dd477a3a in 0.11s[0m
2024.12.03 17:44:38 INFO  compiling 1_f4dd477a3a (2 scala sources)[0m
2024.12.03 17:44:38 INFO  time: compiled 1_f4dd477a3a in 0.12s[0m
2024.12.03 17:44:49 ERROR /Users/sansp/Studyspace/advent-of-code/2024/1/.metals/.tmp/partOne.scala:14: error: unclosed single-line string interpolation
    prinln(s"Left numbers: $left)
                                 ^
scala.meta.internal.metals.ScalafixProvider$ScalafixRunException: /Users/sansp/Studyspace/advent-of-code/2024/1/.metals/.tmp/partOne.scala:14: error: unclosed single-line string interpolation
    prinln(s"Left numbers: $left)
                                 ^
	at scala.meta.internal.metals.ScalafixProvider.$anonfun$runScalafixRules$2(ScalafixProvider.scala:132)
	at scala.concurrent.impl.Promise$Transformation.run(Promise.scala:470)
	at java.util.concurrent.ThreadPoolExecutor.runWorker(ThreadPoolExecutor.java:1136)
	at java.util.concurrent.ThreadPoolExecutor$Worker.run(ThreadPoolExecutor.java:635)
	at java.lang.Thread.run(Thread.java:833)
[0m
Dec 03, 2024 5:44:49 PM org.eclipse.lsp4j.jsonrpc.RemoteEndpoint fallbackResponseError
SEVERE: Internal error: scala.meta.internal.metals.ScalafixProvider$ScalafixRunException: /Users/sansp/Studyspace/advent-of-code/2024/1/.metals/.tmp/partOne.scala:14: error: unclosed single-line string interpolation
    prinln(s"Left numbers: $left)
                                 ^
java.util.concurrent.CompletionException: scala.meta.internal.metals.ScalafixProvider$ScalafixRunException: /Users/sansp/Studyspace/advent-of-code/2024/1/.metals/.tmp/partOne.scala:14: error: unclosed single-line string interpolation
    prinln(s"Left numbers: $left)
                                 ^
	at java.base/java.util.concurrent.CompletableFuture.encodeThrowable(CompletableFuture.java:332)
	at java.base/java.util.concurrent.CompletableFuture.completeThrowable(CompletableFuture.java:347)
	at java.base/java.util.concurrent.CompletableFuture$UniAccept.tryFire(CompletableFuture.java:708)
	at java.base/java.util.concurrent.CompletableFuture.postComplete(CompletableFuture.java:510)
	at java.base/java.util.concurrent.CompletableFuture.completeExceptionally(CompletableFuture.java:2162)
	at scala.meta.internal.metals.CancelTokens$.$anonfun$future$1(CancelTokens.scala:40)
	at scala.meta.internal.metals.CancelTokens$.$anonfun$future$1$adapted(CancelTokens.scala:38)
	at scala.concurrent.impl.Promise$Transformation.run(Promise.scala:484)
	at java.base/java.util.concurrent.ThreadPoolExecutor.runWorker(ThreadPoolExecutor.java:1136)
	at java.base/java.util.concurrent.ThreadPoolExecutor$Worker.run(ThreadPoolExecutor.java:635)
	at java.base/java.lang.Thread.run(Thread.java:833)
Caused by: scala.meta.internal.metals.ScalafixProvider$ScalafixRunException: /Users/sansp/Studyspace/advent-of-code/2024/1/.metals/.tmp/partOne.scala:14: error: unclosed single-line string interpolation
    prinln(s"Left numbers: $left)
                                 ^
	at scala.meta.internal.metals.ScalafixProvider.$anonfun$runScalafixRules$2(ScalafixProvider.scala:132)
	at scala.concurrent.impl.Promise$Transformation.run(Promise.scala:470)
	... 3 more

2024.12.03 17:44:51 ERROR /Users/sansp/Studyspace/advent-of-code/2024/1/.metals/.tmp/partOne.scala:14: error: unclosed single-line string interpolation
    prinln(s"Left numbers: $left)
                                 ^
scala.meta.internal.metals.ScalafixProvider$ScalafixRunException: /Users/sansp/Studyspace/advent-of-code/2024/1/.metals/.tmp/partOne.scala:14: error: unclosed single-line string interpolation
    prinln(s"Left numbers: $left)
                                 ^
	at scala.meta.internal.metals.ScalafixProvider.$anonfun$runScalafixRules$2(ScalafixProvider.scala:132)
	at scala.concurrent.impl.Promise$Transformation.run(Promise.scala:470)
	at java.util.concurrent.ThreadPoolExecutor.runWorker(ThreadPoolExecutor.java:1136)
	at java.util.concurrent.ThreadPoolExecutor$Worker.run(ThreadPoolExecutor.java:635)
	at java.lang.Thread.run(Thread.java:833)
[0m
Dec 03, 2024 5:44:51 PM org.eclipse.lsp4j.jsonrpc.RemoteEndpoint fallbackResponseError
SEVERE: Internal error: scala.meta.internal.metals.ScalafixProvider$ScalafixRunException: /Users/sansp/Studyspace/advent-of-code/2024/1/.metals/.tmp/partOne.scala:14: error: unclosed single-line string interpolation
    prinln(s"Left numbers: $left)
                                 ^
java.util.concurrent.CompletionException: scala.meta.internal.metals.ScalafixProvider$ScalafixRunException: /Users/sansp/Studyspace/advent-of-code/2024/1/.metals/.tmp/partOne.scala:14: error: unclosed single-line string interpolation
    prinln(s"Left numbers: $left)
                                 ^
	at java.base/java.util.concurrent.CompletableFuture.encodeThrowable(CompletableFuture.java:332)
	at java.base/java.util.concurrent.CompletableFuture.completeThrowable(CompletableFuture.java:347)
	at java.base/java.util.concurrent.CompletableFuture$UniAccept.tryFire(CompletableFuture.java:708)
	at java.base/java.util.concurrent.CompletableFuture.postComplete(CompletableFuture.java:510)
	at java.base/java.util.concurrent.CompletableFuture.completeExceptionally(CompletableFuture.java:2162)
	at scala.meta.internal.metals.CancelTokens$.$anonfun$future$1(CancelTokens.scala:40)
	at scala.meta.internal.metals.CancelTokens$.$anonfun$future$1$adapted(CancelTokens.scala:38)
	at scala.concurrent.impl.Promise$Transformation.run(Promise.scala:484)
	at java.base/java.util.concurrent.ThreadPoolExecutor.runWorker(ThreadPoolExecutor.java:1136)
	at java.base/java.util.concurrent.ThreadPoolExecutor$Worker.run(ThreadPoolExecutor.java:635)
	at java.base/java.lang.Thread.run(Thread.java:833)
Caused by: scala.meta.internal.metals.ScalafixProvider$ScalafixRunException: /Users/sansp/Studyspace/advent-of-code/2024/1/.metals/.tmp/partOne.scala:14: error: unclosed single-line string interpolation
    prinln(s"Left numbers: $left)
                                 ^
	at scala.meta.internal.metals.ScalafixProvider.$anonfun$runScalafixRules$2(ScalafixProvider.scala:132)
	at scala.concurrent.impl.Promise$Transformation.run(Promise.scala:470)
	... 3 more

2024.12.03 17:44:59 INFO  compiling 1_f4dd477a3a (2 scala sources)[0m
2024.12.03 17:44:59 INFO  time: compiled 1_f4dd477a3a in 0.16s[0m
2024.12.03 17:45:11 INFO  compiling 1_f4dd477a3a (2 scala sources)[0m
2024.12.03 17:45:11 INFO  time: compiled 1_f4dd477a3a in 98ms[0m
2024.12.03 17:45:14 INFO  compiling 1_f4dd477a3a (2 scala sources)[0m
2024.12.03 17:45:14 INFO  time: compiled 1_f4dd477a3a in 92ms[0m
2024.12.03 17:45:46 INFO  compiling 1_f4dd477a3a (2 scala sources)[0m
2024.12.03 17:45:46 INFO  time: compiled 1_f4dd477a3a in 0.1s[0m
2024.12.03 17:46:33 INFO  compiling 1_f4dd477a3a (2 scala sources)[0m
2024.12.03 17:46:33 INFO  time: compiled 1_f4dd477a3a in 0.11s[0m
2024.12.03 17:46:48 INFO  compiling 1_f4dd477a3a (2 scala sources)[0m
2024.12.03 17:46:48 INFO  time: compiled 1_f4dd477a3a in 99ms[0m
2024.12.03 17:47:27 INFO  Running BSP server List(/Users/sansp/Library/Application Support/Coursier/bin/.scala-cli.aux, bsp, --json-options, /Users/sansp/Studyspace/advent-of-code/2024/1/.scala-build/ide-options-v2.json, /Users/sansp/Studyspace/advent-of-code/2024/1)[0m
2024.12.03 17:47:27 INFO  tracing is disabled for protocol BSP, to enable tracing of incoming and outgoing JSON messages create an empty file at /Users/sansp/Studyspace/advent-of-code/2024/1/.metals/bsp.trace.json or /Users/sansp/Library/Caches/org.scalameta.metals/bsp.trace.json[0m
2024.12.03 17:47:50 INFO  Started: Metals version 1.4.1 in folders '/Users/sansp/Studyspace/advent-of-code/2024/1' for client vim-lsp .[0m
2024.12.03 17:47:50 WARN  Flyway upgrade recommended: H2 2.3.232 is newer than this version of Flyway and support has not been tested. The latest supported version of H2 is 2.2.224.[0m
2024.12.03 17:47:51 INFO  Attempting to connect to the build server...[0m
2024.12.03 17:47:51 INFO  Running BSP server List(/Users/sansp/Library/Application Support/Coursier/bin/.scala-cli.aux, bsp, --json-options, /Users/sansp/Studyspace/advent-of-code/2024/1/.scala-build/ide-options-v2.json, /Users/sansp/Studyspace/advent-of-code/2024/1)[0m
2024.12.03 17:47:51 INFO  tracing is disabled for protocol BSP, to enable tracing of incoming and outgoing JSON messages create an empty file at /Users/sansp/Studyspace/advent-of-code/2024/1/.metals/bsp.trace.json or /Users/sansp/Library/Caches/org.scalameta.metals/bsp.trace.json[0m
2024.12.03 17:47:51 INFO  time: Connected to build server in 0.76s[0m
2024.12.03 17:47:51 INFO  Connected to Build server: scala-cli v1.2.2[0m
2024.12.03 17:47:52 INFO  no build target found for /Users/sansp/Studyspace/advent-of-code/2024/1/partOne.scala. Using presentation compiler with project's scala-library version: 3.3.4[0m
2024.12.03 17:47:52 INFO  compiling 1_f4dd477a3a (2 scala sources)[0m
2024.12.03 17:47:52 INFO  running doctor check[0m
2024.12.03 17:47:52 INFO  java targets: 1_f4dd477a3a-test, 1_f4dd477a3a[0m
2024.12.03 17:47:52 WARN  Unable to run doctor. Make sure `isHttpEnabled` is set to `true`.[0m
2024.12.03 17:47:53 WARN  Flyway upgrade recommended: H2 2.3.232 is newer than this version of Flyway and support has not been tested. The latest supported version of H2 is 2.2.224.[0m
2024.12.03 17:47:53 INFO  time: indexed workspace in 1.36s[0m
2024.12.03 17:47:54 INFO  compiling 1_f4dd477a3a (2 scala sources)[0m
2024.12.03 17:47:54 INFO  time: compiled 1_f4dd477a3a in 0.21s[0m
2024.12.03 17:47:54 INFO  compiling 1_f4dd477a3a (2 scala sources)[0m
2024.12.03 17:47:54 INFO  time: compiled 1_f4dd477a3a in 0.16s[0m
2024.12.03 17:47:54 INFO  Selected port 5031[0m
Dec 03, 2024 5:47:54 PM io.undertow.Undertow start
INFO: starting server: Undertow - 2.2.20.Final
Dec 03, 2024 5:47:54 PM org.xnio.Xnio <clinit>
INFO: XNIO version 3.8.16.Final
Dec 03, 2024 5:47:54 PM org.xnio.nio.NioXnio <clinit>
INFO: XNIO NIO Implementation Version 3.8.16.Final
Dec 03, 2024 5:47:54 PM org.jboss.threads.Version <clinit>
INFO: JBoss Threads version 3.1.0.Final
2024.12.03 17:47:54 INFO  compiling 1_f4dd477a3a (2 scala sources)[0m
2024.12.03 17:47:54 INFO  Started Metals http server at http://127.0.0.1:5031[0m
2024.12.03 17:47:54 INFO  time: compiled 1_f4dd477a3a in 0.14s[0m
2024.12.03 17:48:16 INFO  compiling 1_f4dd477a3a (2 scala sources)[0m
2024.12.03 17:48:16 INFO  time: compiled 1_f4dd477a3a in 0.12s[0m
2024.12.03 17:48:26 INFO  Cancelling compilation on scala-cli server[0m
2024.12.03 17:48:26 INFO  running doctor check[0m
2024.12.03 17:48:26 INFO  java targets: 1_f4dd477a3a-test, 1_f4dd477a3a[0m
2024.12.03 17:48:26 INFO  compiling 1_f4dd477a3a (1 scala source)[0m
2024.12.03 17:48:26 WARN  Invalid text document uri received from build server: file:///Users/sansp/Studyspace/advent-of-code/2024/1/partTwo.scala[0m
2024.12.03 17:48:26 INFO  time: compiled 1_f4dd477a3a in 0.68s[0m
2024.12.03 17:48:26 INFO  time: indexed workspace in 0.8s[0m
2024.12.03 17:50:25 INFO  Cancelling compilation on scala-cli server[0m
2024.12.03 17:50:25 INFO  compiling 1_f4dd477a3a (2 scala sources)[0m
2024.12.03 17:50:25 INFO  time: compiled 1_f4dd477a3a in 0.18s[0m
2024.12.03 17:50:26 INFO  time: Imported build in 0.21s[0m
2024.12.03 17:50:26 INFO  running doctor check[0m
2024.12.03 17:50:26 INFO  java targets: 1_f4dd477a3a-test, 1_f4dd477a3a[0m
2024.12.03 17:50:26 INFO  time: indexed workspace in 0.71s[0m
2024.12.03 17:50:26 INFO  compiling 1_f4dd477a3a (2 scala sources)[0m
2024.12.03 17:50:26 INFO  time: compiled 1_f4dd477a3a in 0.12s[0m
2024.12.03 17:50:37 INFO  compiling 1_f4dd477a3a (2 scala sources)[0m
2024.12.03 17:50:37 INFO  time: compiled 1_f4dd477a3a in 0.11s[0m
2024.12.03 17:50:49 INFO  compiling 1_f4dd477a3a (2 scala sources)[0m
2024.12.03 17:50:49 INFO  time: compiled 1_f4dd477a3a in 0.1s[0m
